-------------------------------------------------------------------------------
Test set: br.com.dbc.vemser.trabalhofinal.service.MedicoServiceTest
-------------------------------------------------------------------------------
Tests run: 11, Failures: 1, Errors: 0, Skipped: 0, Time elapsed: 0.04 s <<< FAILURE! - in br.com.dbc.vemser.trabalhofinal.service.MedicoServiceTest
deveEditarMedicoFalha  Time elapsed: 0.006 s  <<< FAILURE!
java.lang.AssertionError: Expected exception: br.com.dbc.vemser.trabalhofinal.exceptions.RegraDeNegocioException

