<?xml version="1.0" encoding="UTF-8"?>
<testsuite xmlns:xsi="http://www.w3.org/2001/XMLSchema-instance" xsi:noNamespaceSchemaLocation="https://maven.apache.org/surefire/maven-surefire-plugin/xsd/surefire-test-report.xsd" name="br.com.dbc.vemser.trabalhofinal.service.ConvenioServiceTest" time="0.031" tests="5" errors="0" skipped="0" failures="0">
  <properties>
[...]
</properties>
  <testcase name="deveRetornarConvenioPorId" classname="br.com.dbc.vemser.trabalhofinal.service.ConvenioServiceTest" time="0.021"/>
  <testcase name="testarEditarConvenio" classname="br.com.dbc.vemser.trabalhofinal.service.ConvenioServiceTest" time="0.003"/>
  <testcase name="deveCriarComSucesso" classname="br.com.dbc.vemser.trabalhofinal.service.ConvenioServiceTest" time="0.003"/>
  <testcase name="testarRemover" classname="br.com.dbc.vemser.trabalhofinal.service.ConvenioServiceTest" time="0.002"/>
  <testcase name="deveListarComSucesso" classname="br.com.dbc.vemser.trabalhofinal.service.ConvenioServiceTest" time="0.002"/>
</testsuite>